
> frontend@0.1.0 dev
> next dev --turbopack

   â–² Next.js 15.5.4 (Turbopack)
   - Local:        http://localhost:3000
   - Network:      http://192.168.178.32:3000
   - Environments: .env

 âœ“ Starting...
 âœ“ Compiled middleware in 129ms
 âœ“ Ready in 1371ms
 â—‹ Compiling / ...
 âœ“ Compiled / in 3s
 â¨¯ ./apps/frontend/src/lib/upload.ts:1:1
Module not found: Can't resolve '@supabase/supabase-js'
[0m[31m[1m>[22m[39m[90m 1 |[39m [36mimport[39m { createClient } [36mfrom[39m [32m'@supabase/supabase-js'[39m
 [90m   |[39m [31m[1m^[22m[39m[31m[1m^[22m[39m[31m[1m^[22m[39m[31m[1m^[22m[39m[31m[1m^[22m[39m[31m[1m^[22m[39m[31m[1m^[22m[39m[31m[1m^[22m[39m[31m[1m^[22m[39m[31m[1m^[22m[39m[31m[1m^[22m[39m[31m[1m^[22m[39m[31m[1m^[22m[39m[31m[1m^[22m[39m[31m[1m^[22m[39m[31m[1m^[22m[39m[31m[1m^[22m[39m[31m[1m^[22m[39m[31m[1m^[22m[39m[31m[1m^[22m[39m[31m[1m^[22m[39m[31m[1m^[22m[39m[31m[1m^[22m[39m[31m[1m^[22m[39m[31m[1m^[22m[39m[31m[1m^[22m[39m[31m[1m^[22m[39m[31m[1m^[22m[39m[31m[1m^[22m[39m[31m[1m^[22m[39m[31m[1m^[22m[39m[31m[1m^[22m[39m[31m[1m^[22m[39m[31m[1m^[22m[39m[31m[1m^[22m[39m[31m[1m^[22m[39m[31m[1m^[22m[39m[31m[1m^[22m[39m[31m[1m^[22m[39m[31m[1m^[22m[39m[31m[1m^[22m[39m[31m[1m^[22m[39m[31m[1m^[22m[39m[31m[1m^[22m[39m[31m[1m^[22m[39m[31m[1m^[22m[39m[31m[1m^[22m[39m[31m[1m^[22m[39m[31m[1m^[22m[39m[31m[1m^[22m[39m[31m[1m^[22m[39m[31m[1m^[22m[39m
 [90m 2 |[39m
 [90m 3 |[39m [36mexport[39m [36masync[39m [36mfunction[39m uploadThumbnail(image[33m:[39m [33mFile[39m) {
 [90m 4 |[39m     [36mconst[39m supabaseUrl [33m=[39m process[33m.[39menv[33m.[39m[33mNEXT_PUBLIC_SUPABASE_URL[39m [33m||[39m [32m''[39m[33m;[39m[0m



Import trace:
  Server Component:
    ./apps/frontend/src/lib/upload.ts
    ./apps/frontend/src/lib/actions/postAction.ts
    ./apps/frontend/src/app/page.tsx

https://nextjs.org/docs/messages/module-not-found


 â—‹ Compiling /_error ...
 âœ“ Compiled /_error in 1145ms
 GET / 500 in 4375ms
 âœ“ Compiled /favicon.ico in 173ms
 GET /favicon.ico 500 in 204ms
 âœ“ Compiled in 147ms
 âœ“ Compiled / in 179ms
GraphQL errora:  [
  {
    message: 'Cannot query field "post" on type "Query". Did you mean "posts"?',
    locations: [ [Object] ],
    extensions: { code: 'GRAPHQL_VALIDATION_FAILED', stacktrace: [Array] }
  }
]
 â¨¯ Error: Failed to fetch GraphQL data
    at fetchGraphQL (src\lib\fetchGraphQL.ts:17:15)
    at async fetchPosts (src\lib\actions\postAction.ts:13:18)
    at async Home (src\app\page.tsx:13:31)
  15 |     if (result.errors) {
  16 |         console.log('GraphQL errora: ', result.errors);
> 17 |         throw new Error('Failed to fetch GraphQL data');
     |               ^
  18 |     }
  19 |
  20 |     return result.data; {
  digest: '3472289068'
}
 GET / 500 in 1135ms
 GET /favicon.ico 200 in 354ms
GraphQL errora:  [
  {
    message: 'Cannot query field "post" on type "Query". Did you mean "posts"?',
    locations: [ [Object] ],
    extensions: { code: 'GRAPHQL_VALIDATION_FAILED', stacktrace: [Array] }
  }
]
 â¨¯ Error: Failed to fetch GraphQL data
    at fetchGraphQL (src\lib\fetchGraphQL.ts:17:15)
    at async fetchPosts (src\lib\actions\postAction.ts:13:18)
    at async Home (src\app\page.tsx:13:31)
  15 |     if (result.errors) {
  16 |         console.log('GraphQL errora: ', result.errors);
> 17 |         throw new Error('Failed to fetch GraphQL data');
     |               ^
  18 |     }
  19 |
  20 |     return result.data; {
  digest: '3472289068'
}
 GET / 500 in 202ms
 GET /favicon.ico 200 in 287ms
 âœ“ Compiled in 106ms
 âœ“ Compiled / in 48ms
number of the pages 3
Image with src "/hero.png" has legacy prop "layout". Did you forget to run the codemod?
Read more: https://nextjs.org/docs/messages/next-image-upgrade-to-13
 âš  The "images.domains" configuration is deprecated. Please use "images.remotePatterns" configuration instead.
 GET / 200 in 517ms
 GET /favicon.ico?favicon.0b3bf435.ico 200 in 285ms
number of the pages 3
 GET / 200 in 199ms
 GET /favicon.ico?favicon.0b3bf435.ico 200 in 284ms
 âœ“ Compiled /api/auth/signout in 148ms
 GET /api/auth/signout 307 in 433ms
number of the pages 3
 GET / 200 in 182ms
 âœ“ Compiled /auth/signup in 428ms
 GET /auth/signup 200 in 519ms
 âœ“ Compiled /auth/signin in 322ms
